<?xml version="1.0" encoding="UTF-8"?>
<testng-results ignored="0" total="1" passed="1" failed="0" skipped="0">
  <reporter-output>
  </reporter-output>
  <suite started-at="2024-08-05T04:43:37 IST" name="Default suite" finished-at="2024-08-05T04:44:10 IST" duration-ms="32615">
    <groups>
    </groups>
    <test started-at="2024-08-05T04:43:37 IST" name="Default test" finished-at="2024-08-05T04:44:10 IST" duration-ms="32615">
      <class name="com.fitpro.FitProAssessment">
        <test-method is-config="true" signature="preCondition()[pri:0, instance:com.fitpro.FitProAssessment@74518890]" started-at="2024-08-05T04:43:37 IST" name="preCondition" finished-at="2024-08-05T04:43:46 IST" duration-ms="8605" status="PASS">
          <reporter-output>
          </reporter-output>
        </test-method> <!-- preCondition -->
        <test-method signature="startup()[pri:0, instance:com.fitpro.FitProAssessment@74518890]" started-at="2024-08-05T04:43:46 IST" name="startup" finished-at="2024-08-05T04:44:08 IST" duration-ms="22285" status="PASS">
          <reporter-output>
          </reporter-output>
        </test-method> <!-- startup -->
        <test-method is-config="true" signature="finish()[pri:0, instance:com.fitpro.FitProAssessment@74518890]" started-at="2024-08-05T04:44:08 IST" name="finish" finished-at="2024-08-05T04:44:10 IST" duration-ms="1525" status="PASS">
          <reporter-output>
          </reporter-output>
        </test-method> <!-- finish -->
      </class> <!-- com.fitpro.FitProAssessment -->
    </test> <!-- Default test -->
  </suite> <!-- Default suite -->
</testng-results>
